<?xml version="1.0" encoding="UTF-8"?>
<!-- Generated by org.testng.reporters.JUnitReportReporter -->
<testsuite hostname="Jose" failures="0" tests="3" name="com.test.LoginTest" time="7.936" errors="0" timestamp="2022-06-13T23:40:29 IST" skipped="0">
  <testcase classname="com.test.LoginTest" name="verifyEmptyInput" time="2.369"/>
  <system-out/>
  <testcase classname="com.test.LoginTest" name="verifyInvalidInput" time="0.718"/>
  <system-out/>
  <testcase classname="com.test.LoginTest" name="verifyvalidlogin" time="4.849"/>
  <system-out/>
</testsuite> <!-- com.test.LoginTest -->
